SF:C:\Users\trist\Projects\checkout\src\BrightHR.Checkout.Application\Services\CheckoutService.cs
FN:24,System.Void BrightHR.Checkout.Application.Services.CheckoutService::Scan(System.String)
FNDA:20,System.Void BrightHR.Checkout.Application.Services.CheckoutService::Scan(System.String)
DA:25,20
DA:26,29
DA:27,20
FN:29,System.Int32 BrightHR.Checkout.Application.Services.CheckoutService::GetTotalPrice()
FNDA:9,System.Int32 BrightHR.Checkout.Application.Services.CheckoutService::GetTotalPrice()
DA:30,9
DA:31,9
DA:33,53
DA:34,13
DA:35,13
DA:37,13
DA:39,13
DA:40,13
DA:42,9
DA:43,9
BRDA:33,102,1,13
BRDA:33,102,0,9
FN:45,System.ValueTuple`2<System.Int32,System.Int32> BrightHR.Checkout.Application.Services.CheckoutService::CalculateDiscountedItemsTotal(System.String,System.Int32)
FNDA:13,System.ValueTuple`2<System.Int32,System.Int32> BrightHR.Checkout.Application.Services.CheckoutService::CalculateDiscountedItemsTotal(System.String,System.Int32)
DA:46,13
DA:47,13
DA:48,9
DA:50,4
DA:52,4
DA:53,4
DA:55,4
DA:57,4
DA:58,13
BRDA:47,20,0,9
BRDA:47,20,1,4
FN:12,System.Void BrightHR.Checkout.Application.Services.CheckoutService::.ctor(BrightHR.Checkout.Application.Repositories.IUnitPriceRepository,BrightHR.Checkout.Application.Repositories.ISpecialPriceRepository)
FNDA:7,System.Void BrightHR.Checkout.Application.Services.CheckoutService::.ctor(BrightHR.Checkout.Application.Repositories.IUnitPriceRepository,BrightHR.Checkout.Application.Repositories.ISpecialPriceRepository)
DA:13,7
DA:15,7
DA:17,7
DA:18,7
DA:19,29
DA:20,7
DA:21,7
DA:22,13
LF:30
LH:30
BRF:4
BRH:4
FNF:4
FNH:4
end_of_record
SF:C:\Users\trist\Projects\checkout\src\BrightHR.Checkout.Application\Extensions\DictionaryExtensions.cs
FN:6,System.Void BrightHR.Checkout.Application.Extensions.DictionaryExtensions::AddOrUpdate(System.Collections.Generic.Dictionary`2<TKey,TValue>,TKey,TValue,System.Func`2<TValue,TValue>)
FNDA:22,System.Void BrightHR.Checkout.Application.Extensions.DictionaryExtensions::AddOrUpdate(System.Collections.Generic.Dictionary`2<TKey,TValue>,TKey,TValue,System.Func`2<TValue,TValue>)
DA:7,22
DA:8,22
DA:9,22
BRDA:8,12,0,12
BRDA:8,12,1,10
LF:3
LH:3
BRF:2
BRH:2
FNF:1
FNH:1
end_of_record
SF:C:\Users\trist\Projects\checkout\src\BrightHR.Checkout.Application\Entities\SpecialPrice.cs
FN:2,System.String BrightHR.Checkout.Application.Entities.SpecialPrice::get_SKU()
FNDA:19,System.String BrightHR.Checkout.Application.Entities.SpecialPrice::get_SKU()
DA:3,19
LF:1
LH:1
BRF:0
BRH:0
FNF:1
FNH:1
end_of_record
SF:C:\Users\trist\Projects\checkout\src\BrightHR.Checkout.Application\Entities\UnitPrice.cs
FN:2,System.String BrightHR.Checkout.Application.Entities.UnitPrice::get_SKU()
FNDA:36,System.String BrightHR.Checkout.Application.Entities.UnitPrice::get_SKU()
DA:3,36
LF:1
LH:1
BRF:0
BRH:0
FNF:1
FNH:1
end_of_record